Build started 23/03/2017 17:51:43.
     1>Project "C:\hlocal\InformaticaGrafica_PR1\ProyectosIG-VS13\Hola\Hola.vcxproj" on node 2 (Build target(s)).
     1>C:\Program Files (x86)\MSBuild\Microsoft.Cpp\v4.0\V120\Microsoft.CppBuild.targets(388,5): warning MSB8028: The intermediate directory (Debug\) contains files shared from another project (Hola.vcxproj).  This can lead to incorrect clean and rebuild behavior.
     1>ClCompile:
         C:\software\programacion\MSVStudio2013\VC\bin\CL.exe /c /ZI /nologo /W3 /WX- /sdl /Od /Oy- /D _MBCS /Gm /EHsc /RTC1 /MDd /GS /fp:precise /Zc:wchar_t /Zc:forScope /Fo"Debug\\" /Fd"Debug\vc120.pdb" /Gd /TP /analyze- /errorReport:prompt main.cpp
         main.cpp
     1>c:\hlocal\informaticagrafica_pr1\proyectosig-vs13\hola\main.cpp(198): warning C4553: '==' : operator has no effect; did you intend '='?
       Link:
         C:\software\programacion\MSVStudio2013\VC\bin\link.exe /ERRORREPORT:PROMPT /OUT:"C:\hlocal\InformaticaGrafica_PR1\ProyectosIG-VS13\bin\InformaticaGrafica_PR1Debug.exe" /INCREMENTAL /NOLOGO freeglut.lib kernel32.lib user32.lib gdi32.lib winspool.lib comdlg32.lib advapi32.lib shell32.lib ole32.lib oleaut32.lib uuid.lib odbc32.lib odbccp32.lib /MANIFEST /MANIFESTUAC:"level='asInvoker' uiAccess='false'" /manifest:embed /DEBUG /PDB:"C:\hlocal\InformaticaGrafica_PR1\ProyectosIG-VS13\bin\InformaticaGrafica_PR1Debug.pdb" /SUBSYSTEM:CONSOLE /TLBID:1 /DYNAMICBASE /NXCOMPAT /IMPLIB:"C:\hlocal\InformaticaGrafica_PR1\ProyectosIG-VS13\bin\InformaticaGrafica_PR1Debug.lib" /MACHINE:X86 Debug\escena.obj
         Debug\main.obj
         Debug\PiramideTri.obj
         Debug\PixMap24RGB.obj
         Debug\Rectangulo.obj
         Debug\Textura.obj
         Debug\tipos.obj
         Debug\Triangulo.obj
         Debug\TriAnimado.obj
         Hola.vcxproj -> C:\hlocal\InformaticaGrafica_PR1\ProyectosIG-VS13\bin\InformaticaGrafica_PR1Debug.exe
     1>Done Building Project "C:\hlocal\InformaticaGrafica_PR1\ProyectosIG-VS13\Hola\Hola.vcxproj" (Build target(s)).

Build succeeded.

Time Elapsed 00:00:01.08
