c:\hlocal\informaticagrafica_pr1\proyectosig-vs13\hola\debug\vc120.pdb
c:\hlocal\informaticagrafica_pr1\proyectosig-vs13\hola\debug\vc120.idb
c:\hlocal\informaticagrafica_pr1\proyectosig-vs13\hola\debug\escena.obj
c:\hlocal\informaticagrafica_pr1\proyectosig-vs13\hola\debug\main.obj
c:\hlocal\informaticagrafica_pr1\proyectosig-vs13\hola\debug\piramidetri.obj
c:\hlocal\informaticagrafica_pr1\proyectosig-vs13\hola\debug\pixmap24rgb.obj
c:\hlocal\informaticagrafica_pr1\proyectosig-vs13\hola\debug\rectangulo.obj
c:\hlocal\informaticagrafica_pr1\proyectosig-vs13\hola\debug\textura.obj
c:\hlocal\informaticagrafica_pr1\proyectosig-vs13\hola\debug\tipos.obj
c:\hlocal\informaticagrafica_pr1\proyectosig-vs13\hola\debug\triangulo.obj
c:\hlocal\informaticagrafica_pr1\proyectosig-vs13\hola\debug\trianimado.obj
c:\hlocal\informaticagrafica_pr1\proyectosig-vs13\bin\informaticagrafica_pr1debug.ilk
c:\hlocal\informaticagrafica_pr1\proyectosig-vs13\bin\informaticagrafica_pr1debug.exe
c:\hlocal\informaticagrafica_pr1\proyectosig-vs13\bin\informaticagrafica_pr1debug.pdb
c:\hlocal\informaticagrafica_pr1\proyectosig-vs13\hola\debug\vc140.idb
c:\hlocal\informaticagrafica_pr1\proyectosig-vs13\hola\debug\vc140.pdb
c:\hlocal\informaticagrafica_pr1\proyectosig-vs13\hola\debug\informat.290cd43d.tlog\cl.command.1.tlog
c:\hlocal\informaticagrafica_pr1\proyectosig-vs13\hola\debug\informat.290cd43d.tlog\cl.read.1.tlog
c:\hlocal\informaticagrafica_pr1\proyectosig-vs13\hola\debug\informat.290cd43d.tlog\cl.write.1.tlog
c:\hlocal\informaticagrafica_pr1\proyectosig-vs13\hola\debug\informat.290cd43d.tlog\link.command.1.tlog
c:\hlocal\informaticagrafica_pr1\proyectosig-vs13\hola\debug\informat.290cd43d.tlog\link.read.1.tlog
c:\hlocal\informaticagrafica_pr1\proyectosig-vs13\hola\debug\informat.290cd43d.tlog\link.write.1.tlog
